<?xml version="1.0" encoding="UTF-8"?>
<testng-results skipped="0" failed="1" ignored="0" total="9" passed="8">
  <reporter-output>
  </reporter-output>
  <suite name="Default suite" duration-ms="5904" started-at="2020-06-01T06:36:26Z" finished-at="2020-06-01T06:36:32Z">
    <groups>
    </groups>
    <test name="Default test" duration-ms="5904" started-at="2020-06-01T06:36:26Z" finished-at="2020-06-01T06:36:32Z">
      <class name="com.tastcase.Put_EmployeeDetails">
        <test-method status="PASS" signature="setup()[pri:0, instance:com.tastcase.Put_EmployeeDetails@77caeb3e]" name="setup" is-config="true" duration-ms="281" started-at="2020-06-01T06:36:26Z" finished-at="2020-06-01T06:36:26Z">
          <reporter-output>
          </reporter-output>
        </test-method> <!-- setup -->
        <test-method status="PASS" signature="updateEmployee()[pri:0, instance:com.tastcase.Put_EmployeeDetails@77caeb3e]" name="updateEmployee" is-config="true" duration-ms="5474" started-at="2020-06-01T06:36:26Z" finished-at="2020-06-01T06:36:32Z">
          <reporter-output>
          </reporter-output>
        </test-method> <!-- updateEmployee -->
        <test-method status="PASS" signature="checkContentEncoding()[pri:0, instance:com.tastcase.Put_EmployeeDetails@77caeb3e]" name="checkContentEncoding" duration-ms="5" started-at="2020-06-01T06:36:32Z" finished-at="2020-06-01T06:36:32Z">
          <reporter-output>
          </reporter-output>
        </test-method> <!-- checkContentEncoding -->
        <test-method status="PASS" signature="checkContenttype()[pri:0, instance:com.tastcase.Put_EmployeeDetails@77caeb3e]" name="checkContenttype" duration-ms="1" started-at="2020-06-01T06:36:32Z" finished-at="2020-06-01T06:36:32Z">
          <reporter-output>
          </reporter-output>
        </test-method> <!-- checkContenttype -->
        <test-method status="PASS" signature="checkResponseBody()[pri:0, instance:com.tastcase.Put_EmployeeDetails@77caeb3e]" name="checkResponseBody" duration-ms="47" started-at="2020-06-01T06:36:32Z" finished-at="2020-06-01T06:36:32Z">
          <reporter-output>
          </reporter-output>
        </test-method> <!-- checkResponseBody -->
        <test-method status="PASS" signature="checkResponsetime()[pri:0, instance:com.tastcase.Put_EmployeeDetails@77caeb3e]" name="checkResponsetime" duration-ms="1" started-at="2020-06-01T06:36:32Z" finished-at="2020-06-01T06:36:32Z">
          <reporter-output>
          </reporter-output>
        </test-method> <!-- checkResponsetime -->
        <test-method status="PASS" signature="checkServertype()[pri:0, instance:com.tastcase.Put_EmployeeDetails@77caeb3e]" name="checkServertype" duration-ms="1" started-at="2020-06-01T06:36:32Z" finished-at="2020-06-01T06:36:32Z">
          <reporter-output>
          </reporter-output>
        </test-method> <!-- checkServertype -->
        <test-method status="FAIL" signature="checkStatuscode()[pri:0, instance:com.tastcase.Put_EmployeeDetails@77caeb3e]" name="checkStatuscode" duration-ms="3" started-at="2020-06-01T06:36:32Z" finished-at="2020-06-01T06:36:32Z">
          <exception class="java.lang.AssertionError">
            <message>
              <![CDATA[expected [200] but found [404]]]>
            </message>
            <full-stacktrace>
              <![CDATA[java.lang.AssertionError: expected [200] but found [404]
at org.testng.Assert.fail(Assert.java:96)
at org.testng.Assert.failNotEquals(Assert.java:776)
at org.testng.Assert.assertEqualsImpl(Assert.java:137)
at org.testng.Assert.assertEquals(Assert.java:118)
at org.testng.Assert.assertEquals(Assert.java:652)
at org.testng.Assert.assertEquals(Assert.java:662)
at com.tastcase.Put_EmployeeDetails.checkStatuscode(Put_EmployeeDetails.java:62)
at sun.reflect.NativeMethodAccessorImpl.invoke0(Native Method)
at sun.reflect.NativeMethodAccessorImpl.invoke(Unknown Source)
at sun.reflect.DelegatingMethodAccessorImpl.invoke(Unknown Source)
at java.lang.reflect.Method.invoke(Unknown Source)
at org.testng.internal.MethodInvocationHelper.invokeMethod(MethodInvocationHelper.java:124)
at org.testng.internal.Invoker.invokeMethod(Invoker.java:583)
at org.testng.internal.Invoker.invokeTestMethod(Invoker.java:719)
at org.testng.internal.Invoker.invokeTestMethods(Invoker.java:989)
at org.testng.internal.TestMethodWorker.invokeTestMethods(TestMethodWorker.java:125)
at org.testng.internal.TestMethodWorker.run(TestMethodWorker.java:109)
at org.testng.TestRunner.privateRun(TestRunner.java:648)
at org.testng.TestRunner.run(TestRunner.java:505)
at org.testng.SuiteRunner.runTest(SuiteRunner.java:455)
at org.testng.SuiteRunner.runSequentially(SuiteRunner.java:450)
at org.testng.SuiteRunner.privateRun(SuiteRunner.java:415)
at org.testng.SuiteRunner.run(SuiteRunner.java:364)
at org.testng.SuiteRunnerWorker.runSuite(SuiteRunnerWorker.java:52)
at org.testng.SuiteRunnerWorker.run(SuiteRunnerWorker.java:84)
at org.testng.TestNG.runSuitesSequentially(TestNG.java:1208)
at org.testng.TestNG.runSuitesLocally(TestNG.java:1137)
at org.testng.TestNG.runSuites(TestNG.java:1049)
at org.testng.TestNG.run(TestNG.java:1017)
at org.testng.remote.AbstractRemoteTestNG.run(AbstractRemoteTestNG.java:114)
at org.testng.remote.RemoteTestNG.initAndRun(RemoteTestNG.java:251)
at org.testng.remote.RemoteTestNG.main(RemoteTestNG.java:77)
]]>
            </full-stacktrace>
          </exception> <!-- java.lang.AssertionError -->
          <reporter-output>
          </reporter-output>
        </test-method> <!-- checkStatuscode -->
        <test-method status="PASS" signature="checkStatusline()[pri:0, instance:com.tastcase.Put_EmployeeDetails@77caeb3e]" name="checkStatusline" duration-ms="1" started-at="2020-06-01T06:36:32Z" finished-at="2020-06-01T06:36:32Z">
          <reporter-output>
          </reporter-output>
        </test-method> <!-- checkStatusline -->
        <test-method status="PASS" signature="checkcookies()[pri:0, instance:com.tastcase.Put_EmployeeDetails@77caeb3e]" name="checkcookies" duration-ms="3" started-at="2020-06-01T06:36:32Z" finished-at="2020-06-01T06:36:32Z">
          <reporter-output>
          </reporter-output>
        </test-method> <!-- checkcookies -->
        <test-method status="PASS" signature="getallheaders()[pri:0, instance:com.tastcase.Put_EmployeeDetails@77caeb3e]" name="getallheaders" duration-ms="1" started-at="2020-06-01T06:36:32Z" finished-at="2020-06-01T06:36:32Z">
          <reporter-output>
          </reporter-output>
        </test-method> <!-- getallheaders -->
      </class> <!-- com.tastcase.Put_EmployeeDetails -->
    </test> <!-- Default test -->
  </suite> <!-- Default suite -->
</testng-results>
