<?xml version="1.0" encoding="UTF-8"?>
<!-- Generated by org.testng.reporters.JUnitReportReporter -->
<testsuite skipped="0" hostname="sys" name="com.tastcase.Put_EmployeeDetails" tests="9" failures="1" timestamp="01 Jun 2020 06:36:33 GMT" time="0.063" errors="0">
  <testcase name="checkResponseBody" time="0.047" classname="com.tastcase.Put_EmployeeDetails"/>
  <testcase name="checkServertype" time="0.001" classname="com.tastcase.Put_EmployeeDetails"/>
  <testcase name="checkStatusline" time="0.001" classname="com.tastcase.Put_EmployeeDetails"/>
  <testcase name="checkResponsetime" time="0.001" classname="com.tastcase.Put_EmployeeDetails"/>
  <testcase name="checkContenttype" time="0.001" classname="com.tastcase.Put_EmployeeDetails"/>
  <testcase name="getallheaders" time="0.001" classname="com.tastcase.Put_EmployeeDetails"/>
  <testcase name="checkContentEncoding" time="0.005" classname="com.tastcase.Put_EmployeeDetails"/>
  <testcase name="checkStatuscode" time="0.003" classname="com.tastcase.Put_EmployeeDetails">
    <failure type="java.lang.AssertionError" message="expected [200] but found [404]">
      <![CDATA[java.lang.AssertionError: expected [200] but found [404]
at org.testng.Assert.fail(Assert.java:96)
at org.testng.Assert.failNotEquals(Assert.java:776)
at org.testng.Assert.assertEqualsImpl(Assert.java:137)
at org.testng.Assert.assertEquals(Assert.java:118)
at org.testng.Assert.assertEquals(Assert.java:652)
at org.testng.Assert.assertEquals(Assert.java:662)
at com.tastcase.Put_EmployeeDetails.checkStatuscode(Put_EmployeeDetails.java:62)
at sun.reflect.NativeMethodAccessorImpl.invoke0(Native Method)
at sun.reflect.NativeMethodAccessorImpl.invoke(Unknown Source)
at sun.reflect.DelegatingMethodAccessorImpl.invoke(Unknown Source)
at java.lang.reflect.Method.invoke(Unknown Source)
at org.testng.internal.MethodInvocationHelper.invokeMethod(MethodInvocationHelper.java:124)
at org.testng.internal.Invoker.invokeMethod(Invoker.java:583)
at org.testng.internal.Invoker.invokeTestMethod(Invoker.java:719)
at org.testng.internal.Invoker.invokeTestMethods(Invoker.java:989)
at org.testng.internal.TestMethodWorker.invokeTestMethods(TestMethodWorker.java:125)
at org.testng.internal.TestMethodWorker.run(TestMethodWorker.java:109)
at org.testng.TestRunner.privateRun(TestRunner.java:648)
at org.testng.TestRunner.run(TestRunner.java:505)
at org.testng.SuiteRunner.runTest(SuiteRunner.java:455)
at org.testng.SuiteRunner.runSequentially(SuiteRunner.java:450)
at org.testng.SuiteRunner.privateRun(SuiteRunner.java:415)
at org.testng.SuiteRunner.run(SuiteRunner.java:364)
at org.testng.SuiteRunnerWorker.runSuite(SuiteRunnerWorker.java:52)
at org.testng.SuiteRunnerWorker.run(SuiteRunnerWorker.java:84)
at org.testng.TestNG.runSuitesSequentially(TestNG.java:1208)
at org.testng.TestNG.runSuitesLocally(TestNG.java:1137)
at org.testng.TestNG.runSuites(TestNG.java:1049)
at org.testng.TestNG.run(TestNG.java:1017)
at org.testng.remote.AbstractRemoteTestNG.run(AbstractRemoteTestNG.java:114)
at org.testng.remote.RemoteTestNG.initAndRun(RemoteTestNG.java:251)
at org.testng.remote.RemoteTestNG.main(RemoteTestNG.java:77)
]]>
    </failure>
  </testcase> <!-- checkStatuscode -->
  <testcase name="checkcookies" time="0.003" classname="com.tastcase.Put_EmployeeDetails"/>
</testsuite> <!-- com.tastcase.Put_EmployeeDetails -->
